This is pdfTeX, Version 3.1415926-1.40.10 (MiKTeX 2.8) (preloaded format=latex 2010.10.17)  18 OCT 2010 22:11
entering extended mode
**F:/Data/leher/SVN/Arbeit/SHK_latex/article_0/upb_book/upb_book.tex
(F:/Data/leher/SVN/Arbeit/SHK_latex/article_0/upb_book/upb_book.tex
LaTeX2e <2009/09/24>
Babel <v3.8l> and hyphenation patterns for english, dumylang, nohyphenation, ge
rman, ngerman, german-x-2009-06-19, ngerman-x-2009-06-19, french, loaded.
("d:\xp\MiKTeX 2.8\tex\latex\base\book.cls"
Document Class: book 2007/10/19 v1.4h Standard LaTeX document class
("d:\xp\MiKTeX 2.8\tex\latex\base\bk12.clo"
File: bk12.clo 2007/10/19 v1.4h Standard LaTeX file (size option)
)
\c@part=\count79
\c@chapter=\count80
\c@section=\count81
\c@subsection=\count82
\c@subsubsection=\count83
\c@paragraph=\count84
\c@subparagraph=\count85
\c@figure=\count86
\c@table=\count87
\abovecaptionskip=\skip41
\belowcaptionskip=\skip42
\bibindent=\dimen102
)
("d:\xp\MiKTeX 2.8\tex\latex\ams\math\amsmath.sty"
Package: amsmath 2000/07/18 v2.13 AMS math features
\@mathmargin=\skip43

For additional information on amsmath, use the `?' option.
("d:\xp\MiKTeX 2.8\tex\latex\ams\math\amstext.sty"
Package: amstext 2000/06/29 v2.01

("d:\xp\MiKTeX 2.8\tex\latex\ams\math\amsgen.sty"
File: amsgen.sty 1999/11/30 v2.0
\@emptytoks=\toks14
\ex@=\dimen103
))
("d:\xp\MiKTeX 2.8\tex\latex\ams\math\amsbsy.sty"
Package: amsbsy 1999/11/29 v1.2d
\pmbraise@=\dimen104
)
("d:\xp\MiKTeX 2.8\tex\latex\ams\math\amsopn.sty"
Package: amsopn 1999/12/14 v2.01 operator names
)
\inf@bad=\count88
LaTeX Info: Redefining \frac on input line 211.
\uproot@=\count89
\leftroot@=\count90
LaTeX Info: Redefining \overline on input line 307.
\classnum@=\count91
\DOTSCASE@=\count92
LaTeX Info: Redefining \ldots on input line 379.
LaTeX Info: Redefining \dots on input line 382.
LaTeX Info: Redefining \cdots on input line 467.
\Mathstrutbox@=\box26
\strutbox@=\box27
\big@size=\dimen105
LaTeX Font Info:    Redeclaring font encoding OML on input line 567.
LaTeX Font Info:    Redeclaring font encoding OMS on input line 568.
\macc@depth=\count93
\c@MaxMatrixCols=\count94
\dotsspace@=\muskip10
\c@parentequation=\count95
\dspbrk@lvl=\count96
\tag@help=\toks15
\row@=\count97
\column@=\count98
\maxfields@=\count99
\andhelp@=\toks16
\eqnshift@=\dimen106
\alignsep@=\dimen107
\tagshift@=\dimen108
\tagwidth@=\dimen109
\totwidth@=\dimen110
\lineht@=\dimen111
\@envbody=\toks17
\multlinegap=\skip44
\multlinetaggap=\skip45
\mathdisplay@stack=\toks18
LaTeX Info: Redefining \[ on input line 2666.
LaTeX Info: Redefining \] on input line 2667.
)
("d:\xp\MiKTeX 2.8\tex\latex\amsfonts\amsfonts.sty"
Package: amsfonts 2009/06/22 v3.00 Basic AMSFonts support
\symAMSa=\mathgroup4
\symAMSb=\mathgroup5
LaTeX Font Info:    Overwriting math alphabet `\mathfrak' in version `bold'
(Font)                  U/euf/m/n --> U/euf/b/n on input line 96.
)
("d:\xp\MiKTeX 2.8\tex\latex\amsfonts\amssymb.sty"
Package: amssymb 2009/06/22 v3.00
)
("d:\xp\MiKTeX 2.8\tex\latex\graphics\graphicx.sty"
Package: graphicx 1999/02/16 v1.0f Enhanced LaTeX Graphics (DPC,SPQR)

("d:\xp\MiKTeX 2.8\tex\latex\graphics\keyval.sty"
Package: keyval 1999/03/16 v1.13 key=value parser (DPC)
\KV@toks@=\toks19
)
("d:\xp\MiKTeX 2.8\tex\latex\graphics\graphics.sty"
Package: graphics 2009/02/05 v1.0o Standard LaTeX Graphics (DPC,SPQR)

("d:\xp\MiKTeX 2.8\tex\latex\graphics\trig.sty"
Package: trig 1999/03/16 v1.09 sin cos tan (DPC)
)
("d:\xp\MiKTeX 2.8\tex\latex\00miktex\graphics.cfg"
File: graphics.cfg 2007/01/18 v1.5 graphics configuration of teTeX/TeXLive
)
Package graphics Info: Driver file: dvips.def on input line 91.

("d:\xp\MiKTeX 2.8\tex\latex\graphics\dvips.def"
File: dvips.def 1999/02/16 v3.0i Driver-dependant file (DPC,SPQR)
))
\Gin@req@height=\dimen112
\Gin@req@width=\dimen113
)
\c@theorem=\count100

("d:\xp\MiKTeX 2.8\tex\latex\oberdiek\bookmark.sty"
Package: bookmark 2009/08/13 v1.5 PDF bookmarks (HO)

("d:\xp\MiKTeX 2.8\tex\generic\oberdiek\pdfescape.sty"
Package: pdfescape 2007/11/11 v1.8 Provides hex, PDF name and string conversion
s (HO)

("d:\xp\MiKTeX 2.8\tex\generic\oberdiek\pdftexcmds.sty"
Package: pdftexcmds 2009/09/23 v0.6 LuaTeX support for pdfTeX utility functions
 (HO)

("d:\xp\MiKTeX 2.8\tex\generic\oberdiek\infwarerr.sty"
Package: infwarerr 2007/09/09 v1.2 Providing info/warning/message (HO)
)
("d:\xp\MiKTeX 2.8\tex\generic\oberdiek\ifluatex.sty"
Package: ifluatex 2009/04/17 v1.2 Provides the ifluatex switch (HO)
Package ifluatex Info: LuaTeX not detected.
)
("d:\xp\MiKTeX 2.8\tex\generic\oberdiek\ltxcmds.sty"
Package: ltxcmds 2009/08/05 v1.0 Some LaTeX kernel commands for general use (HO
)
)
Package pdftexcmds Info: LuaTeX not detected.
Package pdftexcmds Info: \pdf@primitive is available.
Package pdftexcmds Info: \pdf@ifprimitive is available.
))
("d:\xp\MiKTeX 2.8\tex\generic\oberdiek\ifpdf.sty"
Package: ifpdf 2009/04/10 v2.0 Provides the ifpdf switch (HO)
Package ifpdf Info: pdfTeX in pdf mode not detected.
)
("d:\xp\MiKTeX 2.8\tex\latex\ifxetex\ifxetex.sty"
Package: ifxetex 2009/01/23 v0.5 Provides ifxetex conditional
)
("d:\xp\MiKTeX 2.8\tex\generic\oberdiek\ifvtex.sty"
Package: ifvtex 2008/11/04 v1.4 Switches for detecting VTeX and its modes (HO)
Package ifvtex Info: VTeX not detected.
)
("d:\xp\MiKTeX 2.8\tex\latex\hyperref\hyperref.sty"
Package: hyperref 2009/10/19 v6.79b Hypertext links for LaTeX

("d:\xp\MiKTeX 2.8\tex\latex\oberdiek\hycolor.sty"
Package: hycolor 2009/10/02 v1.5 Code for color options of hyperref/bookmark (H
O)

("d:\xp\MiKTeX 2.8\tex\latex\oberdiek\xcolor-patch.sty"
Package: xcolor-patch 2009/10/02 xcolor patch
))
\@linkdim=\dimen114
\Hy@linkcounter=\count101
\Hy@pagecounter=\count102

("d:\xp\MiKTeX 2.8\tex\latex\hyperref\pd1enc.def"
File: pd1enc.def 2009/10/19 v6.79b Hyperref: PDFDocEncoding definition (HO)
)
("d:\xp\MiKTeX 2.8\tex\generic\oberdiek\etexcmds.sty"
Package: etexcmds 2007/12/12 v1.2 Prefix for e-TeX command names (HO)
Package etexcmds Info: Could not find \expanded.
(etexcmds)             That can mean that you are not using pdfTeX 1.50 or
(etexcmds)             that some package has redefined \expanded.
(etexcmds)             In the latter case, load this package earlier.
)
("d:\xp\MiKTeX 2.8\tex\latex\00miktex\hyperref.cfg"
File: hyperref.cfg 2002/06/06 v1.2 hyperref configuration of TeXLive
)
("d:\xp\MiKTeX 2.8\tex\latex\oberdiek\kvoptions.sty"
Package: kvoptions 2009/08/13 v3.4 Keyval support for LaTeX options (HO)

("d:\xp\MiKTeX 2.8\tex\generic\oberdiek\kvsetkeys.sty"
Package: kvsetkeys 2009/07/30 v1.5 Key value parser with default handler suppor
t (HO)
))
Package hyperref Info: Hyper figures OFF on input line 2975.
Package hyperref Info: Link nesting OFF on input line 2980.
Package hyperref Info: Hyper index ON on input line 2983.
Package hyperref Info: Plain pages OFF on input line 2990.
Package hyperref Info: Backreferencing OFF on input line 2995.

Implicit mode ON; LaTeX internals redefined
Package hyperref Info: Bookmarks ON on input line 3191.
("d:\xp\MiKTeX 2.8\tex\latex\ltxmisc\url.sty"
\Urlmuskip=\muskip11
Package: url 2006/04/12  ver 3.3  Verb mode for urls, etc.
)
LaTeX Info: Redefining \url on input line 3428.

("d:\xp\MiKTeX 2.8\tex\generic\oberdiek\bitset.sty"
Package: bitset 2007/09/28 v1.0 Data type bit set (HO)

("d:\xp\MiKTeX 2.8\tex\generic\oberdiek\intcalc.sty"
Package: intcalc 2007/09/27 v1.1 Expandable integer calculations (HO)
)
("d:\xp\MiKTeX 2.8\tex\generic\oberdiek\bigintcalc.sty"
Package: bigintcalc 2007/11/11 v1.1 Expandable big integer calculations (HO)
))
\Fld@menulength=\count103
\Field@Width=\dimen115
\Fld@charsize=\dimen116
\Field@toks=\toks20
Package hyperref Info: Hyper figures OFF on input line 4377.
Package hyperref Info: Link nesting OFF on input line 4382.
Package hyperref Info: Hyper index ON on input line 4385.
Package hyperref Info: backreferencing OFF on input line 4392.
Package hyperref Info: Link coloring OFF on input line 4397.
Package hyperref Info: Link coloring with OCG OFF on input line 4402.
Package hyperref Info: PDF/A mode OFF on input line 4407.

("d:\xp\MiKTeX 2.8\tex\generic\oberdiek\atbegshi.sty"
Package: atbegshi 2008/07/31 v1.9 At begin shipout hook (HO)
)
\Hy@abspage=\count104
\c@Item=\count105
\c@Hfootnote=\count106
)
*hyperref using default driver hdvips*
("d:\xp\MiKTeX 2.8\tex\latex\hyperref\hdvips.def"
File: hdvips.def 2009/10/19 v6.79b Hyperref driver for dvips

("d:\xp\MiKTeX 2.8\tex\latex\hyperref\pdfmark.def"
File: pdfmark.def 2009/10/19 v6.79b Hyperref definitions for pdfmark specials
\pdf@docset=\toks21
\pdf@box=\box28
\pdf@toks=\toks22
\pdf@defaulttoks=\toks23
\Fld@listcount=\count107
))
("d:\xp\MiKTeX 2.8\tex\latex\oberdiek\auxhook.sty"
Package: auxhook 2007/04/06 v1.1 Hooks for auxiliary files (HO)
)
("d:\xp\MiKTeX 2.8\tex\latex\oberdiek\bkm-dvips.def"
File: bkm-dvips.def 2009/08/13 v1.5 bookmark driver for dvips (HO)
\BKM@id=\count108
))
("d:\xp\MiKTeX 2.8\tex\latex\tools\varioref.sty"
Package: varioref 2009/09/13 v1.4w package for extended references (FMi)
\c@vrcnt=\count109
)
("d:\xp\MiKTeX 2.8\tex\generic\babel\babel.sty"
Package: babel 2008/07/06 v3.8l The Babel package

*************************************
* Local config file bblopts.cfg used
*
("d:\xp\MiKTeX 2.8\tex\latex\00miktex\bblopts.cfg"
File: bblopts.cfg 2006/07/31 v1.0 MiKTeX 'babel' configuration
)
("d:\xp\MiKTeX 2.8\tex\generic\babel\ngermanb.ldf"
Language: ngermanb 2008/07/06 v2.6n new German support from the babel system

("d:\xp\MiKTeX 2.8\tex\generic\babel\babel.def"
File: babel.def 2008/07/06 v3.8l Babel common definitions
\babel@savecnt=\count110
\U@D=\dimen117
)
\l@naustrian = a dialect from \language\l@ngerman 
Package babel Info: Making " an active character on input line 92.
)
("d:\xp\MiKTeX 2.8\tex\generic\babel\english.ldf"
Language: english 2005/03/30 v3.3o English support from the babel system
\l@canadian = a dialect from \language\l@american 
\l@australian = a dialect from \language\l@british 
\l@newzealand = a dialect from \language\l@british 
))
("d:\xp\MiKTeX 2.8\tex\latex\multirow\multirow.sty"
\bigstrutjot=\dimen118
)
("d:\xp\MiKTeX 2.8\tex\latex\picins\picins.sty"
Option `picins' Version 3.0 Sep. 1992, TH Darmstadt/HRZ
\@BILD=\box29
\@TEXT=\box30
\d@breite=\dimen119
\d@hoehe=\dimen120
\d@xoff=\dimen121
\d@yoff=\dimen122
\d@shad=\dimen123
\d@dash=\dimen124
\d@boxl=\dimen125
\d@pichskip=\dimen126
\d@tmp=\dimen127
\d@tmpa=\dimen128
\d@bskip=\dimen129
\hsiz@=\dimen130
\p@getot@l=\dimen131
\c@breite=\count111
\c@hoehe=\count112
\c@xoff=\count113
\c@yoff=\count114
\c@pos=\count115
\c@shad=\count116
\c@dash=\count117
\c@boxl=\count118
\c@zeilen=\count119
\@changemode=\count120
\c@piccaption=\count121
\c@piccaptionpos=\count122
\c@picpos=\count123
\c@whole=\count124
\c@half=\count125
\c@tmp=\count126
\c@tmpa=\count127
\c@tmpb=\count128
\c@tmpc=\count129
\c@tmpd=\count130
\d@leftskip=\skip46
\ptoti=\dimen132
\ptotii=\dimen133
\env@box=\box31
\d@envdp=\dimen134
\c@hsize=\count131
\c@envdp=\count132
\d@envb=\dimen135
)
("d:\xp\MiKTeX 2.8\tex\latex\csquotes\csquotes.sty"
Package: csquotes 2010/09/21 v5.0c context-sensitive quotations

("d:\xp\MiKTeX 2.8\tex\latex\etoolbox\etoolbox.sty"
Package: etoolbox 2010/09/12 v2.0a e-TeX tools for LaTeX

("d:\xp\MiKTeX 2.8\tex\latex\misc\etex.sty"
Package: etex 1998/03/26 v2.0 eTeX basic definition package (PEB)
\et@xins=\count133
)
\etb@tempcnta=\count134
)
\csq@reset=\count135
\csq@gtype=\count136
\csq@glevel=\count137
\csq@qlevel=\count138
\csq@maxlvl=\count139
\csq@tshold=\count140
\csq@ltx@everypar=\toks24

("d:\xp\MiKTeX 2.8\tex\latex\csquotes\csquotes.def"
File: csquotes.def 2010/09/21 v5.0c csquotes generic definitions
)
Package csquotes Info: Trying to load configuration file 'csquotes.cfg'...
Package csquotes Info: ... configuration file loaded successfully.

("d:\xp\MiKTeX 2.8\tex\latex\csquotes\csquotes.cfg"
File: csquotes.cfg 
))
("C:\Dokumente und Einstellungen\leo\Anwendungsdaten\MiKTeX\2.8\tex\latex\bibla
tex\biblatex.sty"
Package: biblatex 2010/10/09 v0.9e programmable bibliographies
 ("d:\xp\MiKTeX 2.8\tex\latex\logreq\logreq.sty"
Package: logreq 2010/08/04 v1.0 xml request logger
\lrq@indent=\count141

("d:\xp\MiKTeX 2.8\tex\latex\logreq\logreq.def"
File: logreq.def 2010/08/04 v1.0 logreq spec v1.0
))
("d:\xp\MiKTeX 2.8\tex\latex\base\ifthen.sty"
Package: ifthen 2001/05/26 v1.1c Standard LaTeX ifthen package (DPC)
)
\c@listtotal=\count142
\c@listcount=\count143
\c@liststart=\count144
\c@liststop=\count145
\c@citecount=\count146
\c@citetotal=\count147
\c@multicitecount=\count148
\c@multicitetotal=\count149
\c@instcount=\count150
\c@maxnames=\count151
\c@minnames=\count152
\c@maxitems=\count153
\c@minitems=\count154
\c@uniquename=\count155
\c@refsection=\count156
\c@refsegment=\count157
\c@maxextrayear=\count158
\c@maxextraalpha=\count159
\c@abbrvpenalty=\count160
\c@highnamepenalty=\count161
\c@lownamepenalty=\count162
\c@maxparens=\count163
\c@parenlevel=\count164
\blx@tempcnta=\count165
\blx@tempcntb=\count166
\blx@maxsection=\count167
\blx@maxsegment=\count168
\blx@notetype=\count169
\blx@parenlevel@text=\count170
\blx@parenlevel@foot=\count171
\labelnumberwidth=\skip47
\labelalphawidth=\skip48
\shorthandwidth=\skip49
\biblabelsep=\skip50
\bibitemsep=\skip51
\bibnamesep=\skip52
\bibinitsep=\skip53
\bibparsep=\skip54
\bibhang=\skip55
\blx@auxin=\read1
\blx@auxout=\write3
\c@labelname=\count172
\c@author=\count173
\c@shortauthor=\count174
\c@editor=\count175
\c@editora=\count176
\c@editorb=\count177
\c@editorc=\count178
\c@shorteditor=\count179
\c@bookauthor=\count180
\c@translator=\count181
\c@annotator=\count182
\c@commentator=\count183
\c@introduction=\count184
\c@foreword=\count185
\c@afterword=\count186
\c@holder=\count187
\c@namea=\count188
\c@nameb=\count189
\c@namec=\count190
\c@institution=\count191
\c@language=\count192
\c@location=\count193
\c@organization=\count194
\c@origlocation=\count195
\c@origpublisher=\count196
\c@pageref=\count197
\c@publisher=\count198
\c@lista=\count199
\c@listb=\count200
\c@listc=\count201
\c@listd=\count202
\c@liste=\count203
\c@listf=\count204
Package biblatex Info: Trying to load compatibility code...
Package biblatex Info: ... file 'blx-compat.def' found.

("C:\Dokumente und Einstellungen\leo\Anwendungsdaten\MiKTeX\2.8\tex\latex\bibla
tex\blx-compat.def"
File: blx-compat.def 2010/10/09 v0.9e biblatex generic compatibility
)
Package biblatex Info: Trying to load generic definitions...
Package biblatex Info: ... file 'biblatex.def' found.

("C:\Dokumente und Einstellungen\leo\Anwendungsdaten\MiKTeX\2.8\tex\latex\bibla
tex\biblatex.def"
File: biblatex.def 2010/10/09 v0.9e biblatex generic definitions
\c@smartand=\count205
)
Package biblatex Info: Trying to load bibliography style 'numeric'...
Package biblatex Info: ... file 'numeric.bbx' found.

("C:\Dokumente und Einstellungen\leo\Anwendungsdaten\MiKTeX\2.8\tex\latex\bibla
tex\bbx\numeric.bbx"
File: numeric.bbx 2010/10/09 v0.9e biblatex bibliography style
Package biblatex Info: Trying to load bibliography style 'standard'...
Package biblatex Info: ... file 'standard.bbx' found.

("C:\Dokumente und Einstellungen\leo\Anwendungsdaten\MiKTeX\2.8\tex\latex\bibla
tex\bbx\standard.bbx"
File: standard.bbx 2010/10/09 v0.9e biblatex bibliography style
))
Package biblatex Info: Trying to load citation style 'numeric'...
Package biblatex Info: ... file 'numeric.cbx' found.

("C:\Dokumente und Einstellungen\leo\Anwendungsdaten\MiKTeX\2.8\tex\latex\bibla
tex\cbx\numeric.cbx"
File: numeric.cbx 2010/10/09 v0.9e biblatex citation style
Package biblatex Info: Redefining '\cite'.
Package biblatex Info: Redefining '\parencite'.
Package biblatex Info: Redefining '\footcite'.
Package biblatex Info: Redefining '\footcitetext'.
Package biblatex Info: Redefining '\textcite'.
Package biblatex Info: Redefining '\supercite'.
Package biblatex Info: Redefining '\cites'.
Package biblatex Info: Redefining '\parencites'.
)
Package biblatex Info: Trying to load configuration file...
Package biblatex Info: ... file 'biblatex.cfg' found.

("C:\Dokumente und Einstellungen\leo\Anwendungsdaten\MiKTeX\2.8\tex\latex\bibla
tex\biblatex.cfg"
File: biblatex.cfg 
)) ("d:\xp\MiKTeX 2.8\tex\latex\ccaption\ccaption.sty"
Package: ccaption 2009/09/02 v3.2b Extended captioning and new floats
\@contcwidth=\skip56
\@contindw=\skip57
\abovelegendskip=\skip58
\belowlegendskip=\skip59
\c@newflo@tctr=\count206
)
("d:\xp\MiKTeX 2.8\tex\latex\caption\caption.sty"
Package: caption 2010/01/09 v3.1m Customizing captions (AR)

("d:\xp\MiKTeX 2.8\tex\latex\caption\caption3.sty"
Package: caption3 2010/01/14 v3.1m caption3 kernel (AR)
\captionmargin=\dimen136
\captionmargin@=\dimen137
\captionwidth=\dimen138
\caption@indent=\dimen139
\caption@parindent=\dimen140
\caption@hangindent=\dimen141
Package caption Info: Unknown document class (or package),
(caption)             standard defaults will be used on input line 1084.
)

Package caption Warning: Unsupported document class (or package) detected,
(caption)                usage of the caption package is not recommended.
See the caption package documentation for explanation.

Package caption Info: \@makecaption = \long macro:#1#2->\let \@conttempa \relax
 \ifdim \prevdepth >-99\p@ \vskip \abovecaptionskip \else \def \@conttempa {\vb
ox to\topskip {}}\fi \let \@contfnote \footnote \renewcommand {\footnote }[2][]
{} \let \@contfmark \footnotemark \renewcommand {\footnotemark }[1][]{} \let \@
contlabel \label \renewcommand {\label }[1]{} \sbox \@tempboxa {\@contnfont #1\
@contdelim \@conttfont #2} \let \footnote \@contfnote \let \footnotemark \@cont
fmark \let \label \@contlabel \ifdim \wd \@tempboxa <\linewidth \centering \fi 
\if@contcw \centering \parbox {\@contcwidth }{\fi \if@conthang \sbox \@tempboxa
 {\@contnfont #1\@contdelim } \@contpre {\@contnfont #1\@contdelim }\@conttempa
 {\@contcstyle \hangindent =\wd \@tempboxa \hangafter =\@ne \@conttfont #2\par 
} \else \if@contindent \@contpre {\@contnfont #1\@contdelim }\@conttempa {\@con
tcstyle \hangindent =\@contindw \hangafter =\@ne \@conttfont #2\par } \else \@c
ontpre {\@contnfont #1\@contdelim }\@conttempa {\@contcstyle \@conttfont #2\par
 } \fi \fi \@contpost \if@contcw \par } \fi \vskip \belowcaptionskip .
\c@ContinuedFloat=\count207
Package caption Info: hyperref package is loaded.
Package caption Info: picins package is loaded.
) ("d:\xp\MiKTeX 2.8\tex\latex\koma-script\scrpage2.sty"
Package: scrpage2 2010/04/22 v2.5 LaTeX2e KOMA-Script package
)
("d:\xp\MiKTeX 2.8\tex\latex\parallel\parallel.sty"
Package: parallel 2003/04/13, setting two texts parallel (me)

`parallel': setting two texts parallel, (beta 4) 2003/04/13.
\ParallelLWidth=\dimen142
\ParallelRWidth=\dimen143
\ParallelTextWidth=\dimen144
\ParallelLeftMargin=\dimen145
\ParallelUserMidSkip=\dimen146
\ParallelMainMidSkip=\dimen147
\ParallelLBox=\box32
\ParallelRBox=\box33
\ParallelBoxVar=\box34
\ParallelLTok=\box35
\ParallelRTok=\box36
\ParallelBoolVar=\count208
\ParallelBoolMid=\count209
\ParallelWhichBox=\count210
\ParallelMainMode=\count211
\ParallelFNMode=\count212
\ParallelLFNCounter=\count213
\ParallelRFNCounter=\count214
\ParallelMaxFN=\count215
\ParallelFNNumMode=\count216
)
("d:\xp\MiKTeX 2.8\tex\latex\oberdiek\pdfcolparcolumns.sty"
Package: pdfcolparcolumns 2008/08/11 v1.2 Color stacks support for parcolumns (
HO)

("d:\xp\MiKTeX 2.8\tex\latex\sauerj\parcolumns.sty"
Package: parcolumns 2004/11/25 v1.2 Typeset multiple parallel columns

("d:\xp\MiKTeX 2.8\tex\latex\sauerj\processkv.sty"
Package: processkv 2004/08/09 v1.0.1 process key=value lists
)
\pc@columnctr=\count217
\pc@columncount=\count218
\pc@everypar=\toks25
)
("d:\xp\MiKTeX 2.8\tex\generic\oberdiek\pdfcol.sty"
Package: pdfcol 2007/12/12 v1.2 Maintaining additional color stacks for pdfTeX 
(HO)
Package pdfcol Info: Interface disabled because of missing PDF mode of pdfTeX.
)
Package pdfcolparcolumns Info: Loading aborted, because color stacks are not av
ailable on input line 43.
)
("d:\xp\MiKTeX 2.8\tex\latex\blindtext\blindtext.sty"
Package: blindtext 2009/12/29 V1.9c blindtext-Package

("d:\xp\MiKTeX 2.8\tex\latex\tools\xspace.sty"
Package: xspace 2006/05/08 v1.12 Space after command names (DPC,MH)
)
\c@blindtext=\count219
\c@Blindtext=\count220
\blind@countxx=\count221
\blindtext@numBlindtext=\count222
\blind@countyy=\count223
\c@blindlist=\count224
\c@blindlistlevel=\count225
\c@blindlist@level=\count226
\blind@listitem=\count227
\c@blind@listcount=\count228
\c@blind@levelcount=\count229
\blind@mathformula=\count230
\blind@Mathformula=\count231
)
("d:\xp\MiKTeX 2.8\tex\latex\graphics\color.sty"
Package: color 2005/11/14 v1.0j Standard LaTeX Color (DPC)

("d:\xp\MiKTeX 2.8\tex\latex\00miktex\color.cfg"
File: color.cfg 2007/01/18 v1.5 color configuration of teTeX/TeXLive
)
Package color Info: Driver file: dvips.def on input line 130.

("d:\xp\MiKTeX 2.8\tex\latex\graphics\dvipsnam.def"
File: dvipsnam.def 1999/02/16 v3.0i Driver-dependant file (DPC,SPQR)
))
Package csquotes Info: Checking for multilingual support...
Package csquotes Info: ... found 'babel' package.
Package csquotes Info: Adjusting default style.
Package csquotes Info: Redefining alias 'default' -> 'english'.
Package biblatex Info: Trying to load language 'english'...
Package biblatex Info: ... file 'english.lbx' found.

("C:\Dokumente und Einstellungen\leo\Anwendungsdaten\MiKTeX\2.8\tex\latex\bibla
tex\lbx\english.lbx"
File: english.lbx 2010/10/09 v0.9e biblatex localization
)
Package biblatex Info: No input encoding detected.
(biblatex)             Assuming 'ascii'.
Package biblatex Info: Data encoding not specified.
(biblatex)             Assuming 'ascii'.

(F:\Data\leher\SVN\Arbeit\SHK_latex\article_0\upb_book\upb_book.aux
(F:\Data\leher\SVN\Arbeit\SHK_latex\article_0\upb_book\mainmatter.aux))
LaTeX Font Info:    Checking defaults for OML/cmm/m/it on input line 180.
LaTeX Font Info:    ... okay on input line 180.
LaTeX Font Info:    Checking defaults for T1/cmr/m/n on input line 180.
LaTeX Font Info:    ... okay on input line 180.
LaTeX Font Info:    Checking defaults for OT1/cmr/m/n on input line 180.
LaTeX Font Info:    ... okay on input line 180.
LaTeX Font Info:    Checking defaults for OMS/cmsy/m/n on input line 180.
LaTeX Font Info:    ... okay on input line 180.
LaTeX Font Info:    Checking defaults for OMX/cmex/m/n on input line 180.
LaTeX Font Info:    ... okay on input line 180.
LaTeX Font Info:    Checking defaults for U/cmr/m/n on input line 180.
LaTeX Font Info:    ... okay on input line 180.
LaTeX Font Info:    Checking defaults for PD1/pdf/m/n on input line 180.
LaTeX Font Info:    ... okay on input line 180.
Package hyperref Info: Link coloring OFF on input line 180.

("d:\xp\MiKTeX 2.8\tex\latex\hyperref\nameref.sty"
Package: nameref 2007/05/29 v2.31 Cross-referencing by name of section

("d:\xp\MiKTeX 2.8\tex\latex\oberdiek\refcount.sty"
Package: refcount 2008/08/11 v3.1 Data extraction from references (HO)
)
\c@section@level=\count232
LaTeX Info: Redefining \Ref on input line 396.
)
LaTeX Info: Redefining \ref on input line 180.
LaTeX Info: Redefining \pageref on input line 180.
\AtBeginShipoutBox=\box37
LaTeX Info: Redefining \Ref on input line 180.
Package biblatex Info: Trying to load bibliographic data...
Package biblatex Info: ... file 'upb_book.bbl' found.

(F:\Data\leher\SVN\Arbeit\SHK_latex\article_0\upb_book\upb_book.bbl

Package biblatex Warning: BibTeX reported the following issues
(biblatex)                with 'xby1975':
(biblatex)                - Invalid format of field 'month'.

)
Package biblatex Info: ... file 'upb_book1-blx.bbl' not found.

No file upb_book1-blx.bbl.
Package biblatex Info: ... file 'upb_book2-blx.bbl' not found.
No file upb_book2-blx.bbl.
Package biblatex Info: ... file 'upb_book3-blx.bbl' not found.
No file upb_book3-blx.bbl.
Package biblatex Info: ... file 'upb_book4-blx.bbl' not found.
No file upb_book4-blx.bbl.
Package biblatex Info: ... file 'upb_book5-blx.bbl' not found.
No file upb_book5-blx.bbl.
Package biblatex Info: ... file 'upb_book6-blx.bbl' not found.
No file upb_book6-blx.bbl.
Package biblatex Info: Reference section=0 on input line 180.
Package biblatex Info: Reference segment=0 on input line 180.
Package caption Info: Begin \AtBeginDocument code.
Package caption Info: End \AtBeginDocument code.

Package scrpage2 Warning: seems you are using a constant headheight.
(scrpage2)                If you get overfull \vbox warnings at almost every
(scrpage2)                page, you should increase headheight e.g. writing
(scrpage2)                 \setlength{\headheight}{1.1\baselineskip}
(scrpage2)                into the preamble of your document.
(scrpage2)                A better solution would be to use typearea package.

LaTeX Font Info:    Try loading font information for U+msa on input line 187.
("d:\xp\MiKTeX 2.8\tex\latex\amsfonts\umsa.fd"
File: umsa.fd 2009/06/22 v3.00 AMS symbols A
)
LaTeX Font Info:    Try loading font information for U+msb on input line 187.

("d:\xp\MiKTeX 2.8\tex\latex\amsfonts\umsb.fd"
File: umsb.fd 2009/06/22 v3.00 AMS symbols B
) [1



]
Overfull \vbox (2.60004pt too high) has occurred while \output is active []


[2

] (F:\Data\leher\SVN\Arbeit\SHK_latex\article_0\upb_book\upb_book.toc)
\tf@toc=\write4

Overfull \vbox (2.60004pt too high) has occurred while \output is active []


[1]
Overfull \vbox (2.60004pt too high) has occurred while \output is active []


[2

] (F:\Data\leher\SVN\Arbeit\SHK_latex\article_0\upb_book\upb_book.toc)
\tf@toc=\write5

Overfull \vbox (2.60004pt too high) has occurred while \output is active []


[3]
Overfull \vbox (2.60004pt too high) has occurred while \output is active []


[4

] (F:\Data\leher\SVN\Arbeit\SHK_latex\article_0\upb_book\upb_book.toe)
\tf@toe=\write6

Overfull \vbox (2.60004pt too high) has occurred while \output is active []


[5] (F:\Data\leher\SVN\Arbeit\SHK_latex\article_0\upb_book\mainmatter.tex
Overfull \vbox (2.60004pt too high) has occurred while \output is active []


[6


]
Overfull \vbox (2.60004pt too high) has occurred while \output is active []


[7]
Overfull \vbox (2.60004pt too high) has occurred while \output is active []


[8

]
(F:\Data\leher\SVN\Arbeit\SHK_latex\article_0\upb_book\mainmatter/personal/emer
itus.tex
File: Bilder/Grafik.eps Graphic file (type eps)
 <Bilder/Grafik.eps>)
(F:\Data\leher\SVN\Arbeit\SHK_latex\article_0\upb_book\mainmatter/personal/tech
nische_mitarbeiter.tex
Overfull \vbox (2.60004pt too high) has occurred while \output is active []


[9]
File: Bilder/toolkit.eps Graphic file (type eps)
 <Bilder/toolkit.eps>
Underfull \hbox (badness 10000) in paragraph at lines 19--23

 []

File: Bilder/toolkit.eps Graphic file (type eps)
<Bilder/toolkit.eps>
Underfull \hbox (badness 10000) in paragraph at lines 46--46

 []

File: Bilder/toolkit.eps Graphic file (type eps)
<Bilder/toolkit.eps>
Underfull \hbox (badness 10000) in paragraph at lines 66--71

 []

File: Bilder/toolkit.eps Graphic file (type eps)
<Bilder/toolkit.eps>
Underfull \hbox (badness 10000) in paragraph at lines 84--90
\OT1/cmr/m/n/8 Electrical en-gi-neer-ing
 []


Underfull \hbox (badness 10000) in paragraph at lines 84--90

 []

File: Bilder/toolkit.eps Graphic file (type eps)
<Bilder/toolkit.eps>
Underfull \hbox (badness 10000) in paragraph at lines 108--113

 []

File: Bilder/toolkit.eps Graphic file (type eps)
<Bilder/toolkit.eps>
Underfull \hbox (badness 10000) in paragraph at lines 126--131
\OT1/cmr/m/n/8 Electrical en-gi-neer-ing
 []


Underfull \hbox (badness 10000) in paragraph at lines 126--131

 []

)
(F:\Data\leher\SVN\Arbeit\SHK_latex\article_0\upb_book\mainmatter/personal/wiss
_mitarbeiter.tex
File: Bilder/toolkit.eps Graphic file (type eps)
 <Bilder/toolkit.eps>
Overfull \vbox (33.65132pt too high) detected at line 11
 []

File: Bilder/toolkit.eps Graphic file (type eps)
<Bilder/toolkit.eps>
Overfull \vbox (33.65132pt too high) detected at line 15
 []

File: Bilder/toolkit.eps Graphic file (type eps)
<Bilder/toolkit.eps>
Overfull \vbox (25.15001pt too high) detected at line 22
 []

File: Bilder/toolkit.eps Graphic file (type eps)
<Bilder/toolkit.eps>
Overfull \vbox (25.15001pt too high) detected at line 26
 []

File: Bilder/toolkit.eps Graphic file (type eps)
<Bilder/toolkit.eps>
Overfull \vbox (25.15001pt too high) detected at line 33
 []

File: Bilder/toolkit.eps Graphic file (type eps)
<Bilder/toolkit.eps>
Overfull \vbox (25.15001pt too high) detected at line 37
 []

)
Overfull \vbox (2.60004pt too high) has occurred while \output is active []


[10]
Overfull \vbox (2.60004pt too high) has occurred while \output is active []


[11]
Overfull \vbox (2.60004pt too high) has occurred while \output is active []


[12

]
(F:\Data\leher\SVN\Arbeit\SHK_latex\article_0\upb_book\mainmatter/forschungssch
wepunkte/regelung_von_PM.tex
Package biblatex Info: Reference section=1 on input line 3.
Package biblatex Info: Setting label 'refsection:1' on input line 3.
\pc@column@1=\box38
\pc@column@width@1=\dimen148
\pc@column@2=\box39
\pc@column@width@2=\dimen149
Package parcolumns Info: Width of column 1 set to 185.25238pt on input line 30.

Package parcolumns Info: Width of column 2 set to 185.25238pt on input line 30.

Package biblatex Info: Trying to load language 'ngerman'...
Package biblatex Info: ... file 'ngerman.lbx' found.

("C:\Dokumente und Einstellungen\leo\Anwendungsdaten\MiKTeX\2.8\tex\latex\bibla
tex\lbx\ngerman.lbx"
File: ngerman.lbx 2010/10/09 v0.9e biblatex localization
Package biblatex Info: Trying to load language 'german'...
Package biblatex Info: ... file 'german.lbx' found.

("C:\Dokumente und Einstellungen\leo\Anwendungsdaten\MiKTeX\2.8\tex\latex\bibla
tex\lbx\german.lbx"
File: german.lbx 2010/10/09 v0.9e biblatex localization
))
Overfull \hbox (7.06924pt too wide) in paragraph at lines 30--30
\OT1/cmr/m/n/12 gibt le-dig-lich den Grau-wert der Schrift
 []


Overfull \hbox (9.95401pt too wide) in paragraph at lines 30--30
\OT1/cmr/m/n/12 Blind-text[] oder []Huar-dest gefburn[]?.
 []


Overfull \hbox (1.11063pt too wide) in paragraph at lines 30--30
\OT1/cmr/m/n/12 Kjift -- mit-nich-ten! Ein Blind-text bie-
 []


Overfull \hbox (0.52625pt too wide) in paragraph at lines 30--30
\OT1/cmr/m/n/12 hal-ten und in der Ori-gi-nal-spra-che ge-
 []


Overfull \hbox (18.03029pt too wide) in paragraph at lines 30--30
\OT1/cmr/m/n/12 spra-chi-ge Tex-te wie []Lo-rem ip-sum[] die-
 []


Underfull \hbox (badness 10000) in paragraph at lines 30--30

 []

File: Bilder/toolkit.eps Graphic file (type eps)
<Bilder/toolkit.eps>
Overfull \hbox (105.37125pt too wide) in paragraph at lines 30--30
[][] 
 []


Package caption Warning: The option `hypcap=true' will be ignored for this
(caption)                particular \caption on input line 30.
See the caption package documentation for explanation.


Overfull \hbox (0.7845pt too wide) in paragraph at lines 30--30
\OT1/cmr/m/n/12 bar-keit ei-ner Schrift, ih-re An-mu-tung,
 []


Overfull \hbox (3.429pt too wide) in paragraph at lines 30--30
\OT1/cmr/m/n/12 m[]og-lichst vie-le ver-schie-de-ne Buch-sta-
 []


Overfull \hbox (4.91791pt too wide) in paragraph at lines 30--30
\OT1/cmr/m/n/12 Fremd-spra-chi-ge Tex-te wie []Lo-rem ip-
 []


Overfull \hbox (7.0511pt too wide) in paragraph at lines 30--30
\OT1/cmr/m/n/12 Wer die-sen Text liest, ist selbst schuld.
 []


Overfull \hbox (0.7845pt too wide) in paragraph at lines 30--30
\OT1/cmr/m/n/12 bar-keit ei-ner Schrift, ih-re An-mu-tung,
 []


Overfull \hbox (3.429pt too wide) in paragraph at lines 30--30
\OT1/cmr/m/n/12 m[]og-lichst vie-le ver-schie-de-ne Buch-sta-
 []


Overfull \hbox (4.91791pt too wide) in paragraph at lines 30--30
\OT1/cmr/m/n/12 Fremd-spra-chi-ge Tex-te wie []Lo-rem ip-
 []


Underfull \hbox (badness 10000) in paragraph at lines 30--30

 []


LaTeX Warning: Citation 'xby1975' on page 13 undefined on input line 30.


Overfull \hbox (2.44104pt too wide) in paragraph at lines 30--30
\OT1/cmr/m/n/12 mean-ing. This text should show, how
 []


Overfull \hbox (10.8285pt too wide) in paragraph at lines 30--30
\OT1/cmr/m/n/12 like []Huardest gef-burn[]. Kjift -- Never
 []


Overfull \hbox (2.07994pt too wide) in paragraph at lines 30--30
\OT1/cmr/m/n/12 text, you will get no in-for-ma-tion. Re-
 []


Overfull \hbox (1.26605pt too wide) in paragraph at lines 30--30
\OT1/cmr/m/n/12 pres-sion of the look. This text should
 []


Overfull \hbox (1.83179pt too wide) in paragraph at lines 30--30
\OT1/cmr/m/n/12 con-tain all let-ters of the al-pha-bet and
 []


Overfull \hbox (10.8285pt too wide) in paragraph at lines 30--30
\OT1/cmr/m/n/12 like []Huardest gef-burn[]. Kjift -- Never
 []

! Undefined control sequence.
<argument> ...rencite {xby1975} \par \bicaptionof 
                                                  {figure}{short lang 1 capt...
l.30 }
      
The control sequence at the end of the top line
of your error message was never \def'ed. If you have
misspelled it (e.g., `\hobx'), type `I' and the correct
spelling (e.g., `I\hbox'). Otherwise just continue,
and I'll forget about whatever was undefined.


Overfull \hbox (10.70947pt too wide) in paragraph at lines 30--30
[]\OT1/cmr/m/n/12 figureshort lang 1 cap-tion-short lang
 []


Overfull \vbox (240.11993pt too high) detected at line 30
 []


Underfull \vbox (badness 10000) has occurred while \output is active []


Overfull \vbox (2.60004pt too high) has occurred while \output is active []


[13]
Underfull \vbox (badness 10000) has occurred while \output is active []


Overfull \vbox (2.60004pt too high) has occurred while \output is active []


[14]

LaTeX Warning: Empty bibliography on input line 32.

Package biblatex Info: Reference section=0 on input line 33.
Package biblatex Info: Reference section=2 on input line 40.
Package biblatex Info: Setting label 'refsection:2' on input line 40.
Package parcolumns Info: Width of column 1 set to 185.25238pt on input line 57.

Package parcolumns Info: Width of column 2 set to 185.25238pt on input line 57.


Overfull \hbox (0.7845pt too wide) in paragraph at lines 57--57
\OT1/cmr/m/n/12 bar-keit ei-ner Schrift, ih-re An-mu-tung,
 []


Overfull \hbox (3.429pt too wide) in paragraph at lines 57--57
\OT1/cmr/m/n/12 m[]og-lichst vie-le ver-schie-de-ne Buch-sta-
 []


Overfull \hbox (4.91791pt too wide) in paragraph at lines 57--57
\OT1/cmr/m/n/12 Fremd-spra-chi-ge Tex-te wie []Lo-rem ip-
 []


LaTeX Warning: Citation 'ars_script' on page 15 undefined on input line 57.


Overfull \hbox (7.772pt too wide) in paragraph at lines 57--57
\OT1/cmr/m/n/12 writ-ten and the im-pres-sion of the look.
 []


Overfull \hbox (1.33133pt too wide) in paragraph at lines 57--57
\OT1/cmr/m/n/12 ten in of the orig-i-nal lan-guage. There
 []


Underfull \vbox (badness 10000) has occurred while \output is active []


Overfull \vbox (2.60004pt too high) has occurred while \output is active []


[15]

LaTeX Warning: Empty bibliography on input line 58.

Package biblatex Info: Reference section=0 on input line 59.
Package biblatex Info: Reference section=3 on input line 63.
Package biblatex Info: Setting label 'refsection:3' on input line 63.
Package parcolumns Info: Width of column 1 set to 185.25238pt on input line 79.

Package parcolumns Info: Width of column 2 set to 185.25238pt on input line 79.


Overfull \hbox (0.7845pt too wide) in paragraph at lines 79--79
\OT1/cmr/m/n/12 bar-keit ei-ner Schrift, ih-re An-mu-tung,
 []


Overfull \hbox (3.429pt too wide) in paragraph at lines 79--79
\OT1/cmr/m/n/12 m[]og-lichst vie-le ver-schie-de-ne Buch-sta-
 []


Overfull \hbox (4.91791pt too wide) in paragraph at lines 79--79
\OT1/cmr/m/n/12 Fremd-spra-chi-ge Tex-te wie []Lo-rem ip-
 []


LaTeX Warning: Citation 'xby1975' on page 16 undefined on input line 79.


Overfull \hbox (7.772pt too wide) in paragraph at lines 79--79
\OT1/cmr/m/n/12 writ-ten and the im-pres-sion of the look.
 []


Overfull \hbox (1.33133pt too wide) in paragraph at lines 79--79
\OT1/cmr/m/n/12 ten in of the orig-i-nal lan-guage. There
 []


LaTeX Warning: Empty bibliography on input line 81.

Package biblatex Info: Reference section=0 on input line 82.
)
Overfull \vbox (2.60004pt too high) has occurred while \output is active []


[16]
Overfull \vbox (2.60004pt too high) has occurred while \output is active []


[17

]
Overfull \vbox (2.60004pt too high) has occurred while \output is active []


[18

]
Overfull \vbox (2.60004pt too high) has occurred while \output is active []


[19]
Overfull \vbox (2.60004pt too high) has occurred while \output is active []


[20

]
Overfull \vbox (2.60004pt too high) has occurred while \output is active []


[21]
Overfull \vbox (2.60004pt too high) has occurred while \output is active []


[22

]
Package biblatex Info: Reference section=4 on input line 59.
Package biblatex Info: Setting label 'refsection:4' on input line 59.


LaTeX Warning: Citation 'massa' on page 23 undefined on input line 60.


LaTeX Warning: Citation 'augustine' on page 23 undefined on input line 61.


LaTeX Warning: Citation 'cotton' on page 23 undefined on input line 62.


LaTeX Warning: Citation 'hammond' on page 23 undefined on input line 63.


LaTeX Warning: Empty bibliography on input line 64.

Package biblatex Info: Reference section=0 on input line 65.

Overfull \vbox (2.60004pt too high) has occurred while \output is active []


[23]
Overfull \vbox (2.60004pt too high) has occurred while \output is active []


[24

]
Package biblatex Info: Reference section=5 on input line 68.
Package biblatex Info: Setting label 'refsection:5' on input line 68.


LaTeX Warning: Citation 'hammond' on page 25 undefined on input line 69.


LaTeX Warning: Citation 'massa' on page 25 undefined on input line 70.


LaTeX Warning: Citation 'cotton' on page 25 undefined on input line 71.


LaTeX Warning: Citation 'murray' on page 25 undefined on input line 72.


LaTeX Warning: Empty bibliography on input line 73.

Package biblatex Info: Reference section=0 on input line 74.

Overfull \vbox (2.60004pt too high) has occurred while \output is active []


[25]
Overfull \vbox (2.60004pt too high) has occurred while \output is active []


[26

]
Package biblatex Info: Reference section=6 on input line 77.
Package biblatex Info: Setting label 'refsection:6' on input line 77.


LaTeX Warning: Citation 'murray' on page 27 undefined on input line 78.


LaTeX Warning: Citation 'augustine' on page 27 undefined on input line 79.


LaTeX Warning: Citation 'cotton' on page 27 undefined on input line 80.


LaTeX Warning: Citation 'bertram' on page 27 undefined on input line 81.


LaTeX Warning: Empty bibliography on input line 82.

Package biblatex Info: Reference section=0 on input line 83.
)
Overfull \vbox (2.60004pt too high) has occurred while \output is active []


[27]
\BKM@file=\write7
 (F:\Data\leher\SVN\Arbeit\SHK_latex\article_0\upb_book\upb_book.aux
(F:\Data\leher\SVN\Arbeit\SHK_latex\article_0\upb_book\mainmatter.aux))

LaTeX Warning: There were undefined references.


Package biblatex Warning: Please (re)run BibTeX on the file(s):
(biblatex)                upb_book1-blx
(biblatex)                upb_book2-blx
(biblatex)                upb_book3-blx
(biblatex)                upb_book4-blx
(biblatex)                upb_book5-blx
(biblatex)                upb_book6-blx
(biblatex)                and rerun LaTeX afterwards.

Package logreq Info: Writing requests to 'upb_book.run.xml'.
 ) 
Here is how much of TeX's memory you used:
 12050 strings out of 495286
 187708 string characters out of 3181302
 386915 words of memory out of 3000000
 15002 multiletter control sequences out of 15000+200000
 13054 words of font info for 50 fonts, out of 3000000 for 9000
 18 hyphenation exceptions out of 8191
 37i,16n,42p,883b,2932s stack positions out of 5000i,500n,10000p,200000b,50000s

Output written on upb_book.dvi (29 pages, 46056 bytes).
