This is pdfTeX, Version 3.1415926-1.40.10 (MiKTeX 2.8) (preloaded format=pdflatex 2010.7.28)  3 OCT 2010 13:37
entering extended mode
**F:/Data/leher/SVN/Master_arbeit/Latex/Template/Diplomarbeit.tex
(F:/Data/leher/SVN/Master_arbeit/Latex/Template/Diplomarbeit.tex
LaTeX2e <2009/09/24>
Babel <v3.8l> and hyphenation patterns for english, dumylang, nohyphenation, ge
rman, ngerman, german-x-2009-06-19, ngerman-x-2009-06-19, french, loaded.
("d:\xp\MiKTeX 2.8\tex\latex\koma-script\scrbook.cls"
Document Class: scrbook 2010/06/17 v3.06 KOMA-Script document class (book)
("d:\xp\MiKTeX 2.8\tex\latex\koma-script\scrkbase.sty"
Package: scrkbase 2010/06/17 v3.06 KOMA-Script package (KOMA-Script-dependent b
asics and keyval usage)

("d:\xp\MiKTeX 2.8\tex\latex\koma-script\scrbase.sty"
Package: scrbase 2010/06/17 v3.06 KOMA-Script package (KOMA-Script-independent 
basics and keyval usage)

("d:\xp\MiKTeX 2.8\tex\latex\graphics\keyval.sty"
Package: keyval 1999/03/16 v1.13 key=value parser (DPC)
\KV@toks@=\toks14
)
("d:\xp\MiKTeX 2.8\tex\latex\koma-script\scrlfile.sty"
Package: scrlfile 2009/03/25 v3.03 KOMA-Script package (loading files)

Package scrlfile, 2009/03/25 v3.03 KOMA-Script package (loading files)
                  Copyright (C) Markus Kohm

))) ("d:\xp\MiKTeX 2.8\tex\latex\koma-script\tocbasic.sty"
Package: tocbasic 2010/06/09 v3.06 KOMA-Script package (handling toc-files)
)
Package tocbasic Info: omitting babel extension for `toc'
(tocbasic)             because of feature `nobabel' available
(tocbasic)             for `toc' on input line 117.
Package tocbasic Info: omitting babel extension for `lof'
(tocbasic)             because of feature `nobabel' available
(tocbasic)             for `lof' on input line 118.
Package tocbasic Info: omitting babel extension for `lot'
(tocbasic)             because of feature `nobabel' available
(tocbasic)             for `lot' on input line 119.
Package scrbook Info: You've used obsolete option `12pt'.
(scrbook)             \KOMAExecuteOptions{fontsize=12pt} will be
(scrbook)             used instead.
(scrbook)             You may simply replace `12pt'
(scrbook)             by `fontsize=12pt'.
Class scrbook Info: File `scrsize12pt.clo' used to setup font sizes on input li
ne 1310.

("d:\xp\MiKTeX 2.8\tex\latex\koma-script\scrsize12pt.clo"
File: scrsize12pt.clo 2010/06/17 v3.06 KOMA-Script font size class option (12pt
)
)
("d:\xp\MiKTeX 2.8\tex\latex\koma-script\typearea.sty"
Package: typearea 2010/06/17 v3.06 KOMA-Script package (type area)

Package typearea, 2010/06/17 v3.06 KOMA-Script package (type area)
                  Copyright (C) Frank Neukam, 1992-1994
                  Copyright (C) Markus Kohm, 1994-

\ta@bcor=\skip41
\ta@div=\count79
Package typearea Info: You've used standard option `a4paper'.
(typearea)             This is correct!
(typearea)             Internally I'm using `paper=a4'.
(typearea)             If you'd like to set the option with \KOMAoptions,
(typearea)             you'd have to use `paper=a4' there
(typearea)             instead of `a4paper', too.
\ta@hblk=\skip42
\ta@vblk=\skip43
\ta@temp=\skip44
Package typearea Info: These are the values describing the layout:
(typearea)             DIV  = 14
(typearea)             BCOR = 51.21495pt
(typearea)             \paperwidth      = 597.50793pt
(typearea)              \textwidth      = 429.23022pt
(typearea)              DIV departure   = -1%
(typearea)              \evensidemargin = 5.77185pt
(typearea)              \oddsidemargin  = 17.96588pt
(typearea)             \paperheight     = 845.04694pt
(typearea)              \textheight     = 635.5pt
(typearea)              \topmargin      = -11.9095pt
(typearea)              \headheight     = 18.125pt
(typearea)              \headsep        = 21.75pt
(typearea)              \topskip        = 12.0pt
(typearea)              \footskip       = 50.75pt
(typearea)              \baselineskip   = 14.5pt
(typearea)              on input line 1133.
)
\c@part=\count80
\c@chapter=\count81
\c@section=\count82
\c@subsection=\count83
\c@subsubsection=\count84
\c@paragraph=\count85
\c@subparagraph=\count86
\abovecaptionskip=\skip45
\belowcaptionskip=\skip46
\c@pti@nb@sid@b@x=\box26
\c@figure=\count87
\c@table=\count88
\bibindent=\dimen102
) ("d:\xp\MiKTeX 2.8\tex\latex\german\ngerman.sty" v2.5e 1998-07-08
Package: ngerman 1998/07/08 v2.5e Support for writing german texts (br)
\grmnU@D=\dimen103
ngerman -- \language number for naustrian undefined, default 4 used.
)
("d:\xp\MiKTeX 2.8\tex\latex\germbib\bibgerm.sty"
Package: bibgerm 2000/08/18 v0.1 Support for mixed language bibliographies

** Macros for german `BibTeX'ing added to Style Option `german' 20 Apr 1993 **
** idea and languages `german' and `USenglish' implemented by M. Wallmeier **
** Modified for LaTeX 2e and german.sty 2.5b by A. Scherer 1 Nov 1995 **
** Modified for ngerman.sty and babel.sty by H. Harders 21 August 2000 **)
("d:\xp\MiKTeX 2.8\tex\latex\base\inputenc.sty"
Package: inputenc 2008/03/30 v1.1d Input encoding file
\inpenc@prehook=\toks15
\inpenc@posthook=\toks16

("d:\xp\MiKTeX 2.8\tex\latex\base\latin1.def"
File: latin1.def 2008/03/30 v1.1d Input encoding file
))
("d:\xp\MiKTeX 2.8\tex\latex\base\fontenc.sty"
Package: fontenc 2005/09/27 v1.99g Standard LaTeX package

("d:\xp\MiKTeX 2.8\tex\latex\base\t1enc.def"
File: t1enc.def 2005/09/27 v1.99g Standard LaTeX file
LaTeX Font Info:    Redeclaring font encoding T1 on input line 43.
))
("d:\xp\MiKTeX 2.8\tex\latex\ae\ae.sty"
Package: ae 2001/02/12 1.3 Almost European Computer Modern

("d:\xp\MiKTeX 2.8\tex\latex\base\fontenc.sty"
Package: fontenc 2005/09/27 v1.99g Standard LaTeX package

("d:\xp\MiKTeX 2.8\tex\latex\base\t1enc.def"
File: t1enc.def 2005/09/27 v1.99g Standard LaTeX file
LaTeX Font Info:    Redeclaring font encoding T1 on input line 43.
)
LaTeX Font Info:    Try loading font information for T1+aer on input line 100.

("d:\xp\MiKTeX 2.8\tex\latex\ae\t1aer.fd"
File: t1aer.fd 1997/11/16 Font definitions for T1/aer.
)))
("d:\xp\MiKTeX 2.8\tex\latex\graphics\graphicx.sty"
Package: graphicx 1999/02/16 v1.0f Enhanced LaTeX Graphics (DPC,SPQR)

("d:\xp\MiKTeX 2.8\tex\latex\graphics\graphics.sty"
Package: graphics 2009/02/05 v1.0o Standard LaTeX Graphics (DPC,SPQR)

("d:\xp\MiKTeX 2.8\tex\latex\graphics\trig.sty"
Package: trig 1999/03/16 v1.09 sin cos tan (DPC)
)
("d:\xp\MiKTeX 2.8\tex\latex\00miktex\graphics.cfg"
File: graphics.cfg 2007/01/18 v1.5 graphics configuration of teTeX/TeXLive
)
Package graphics Info: Driver file: pdftex.def on input line 91.

("d:\xp\MiKTeX 2.8\tex\latex\pdftex-def\pdftex.def"
File: pdftex.def 2009/08/25 v0.04m Graphics/color for pdfTeX
\Gread@gobject=\count89
))
\Gin@req@height=\dimen104
\Gin@req@width=\dimen105
)
("d:\xp\MiKTeX 2.8\tex\latex\float\float.sty"
Package: float 2001/11/08 v1.3d Float enhancements (AL)
\c@float@type=\count90
\float@exts=\toks17
\float@box=\box27
\@float@everytoks=\toks18
\@floatcapt=\box28
)
("d:\xp\MiKTeX 2.8\tex\latex\tools\tabularx.sty"
Package: tabularx 1999/01/07 v2.07 `tabularx' package (DPC)

("d:\xp\MiKTeX 2.8\tex\latex\tools\array.sty"
Package: array 2008/09/09 v2.4c Tabular extension package (FMi)
\col@sep=\dimen106
\extrarowheight=\dimen107
\NC@list=\toks19
\extratabsurround=\skip47
\backup@length=\skip48
)
\TX@col@width=\dimen108
\TX@old@table=\dimen109
\TX@old@col=\dimen110
\TX@target=\dimen111
\TX@delta=\dimen112
\TX@cols=\count91
\TX@ftn=\toks20
)
("d:\xp\MiKTeX 2.8\tex\latex\ams\math\amsmath.sty"
Package: amsmath 2000/07/18 v2.13 AMS math features
\@mathmargin=\skip49

For additional information on amsmath, use the `?' option.
("d:\xp\MiKTeX 2.8\tex\latex\ams\math\amstext.sty"
Package: amstext 2000/06/29 v2.01

("d:\xp\MiKTeX 2.8\tex\latex\ams\math\amsgen.sty"
File: amsgen.sty 1999/11/30 v2.0
\@emptytoks=\toks21
\ex@=\dimen113
))
("d:\xp\MiKTeX 2.8\tex\latex\ams\math\amsbsy.sty"
Package: amsbsy 1999/11/29 v1.2d
\pmbraise@=\dimen114
)
("d:\xp\MiKTeX 2.8\tex\latex\ams\math\amsopn.sty"
Package: amsopn 1999/12/14 v2.01 operator names
)
\inf@bad=\count92
LaTeX Info: Redefining \frac on input line 211.
\uproot@=\count93
\leftroot@=\count94
LaTeX Info: Redefining \overline on input line 307.
\classnum@=\count95
\DOTSCASE@=\count96
LaTeX Info: Redefining \ldots on input line 379.
LaTeX Info: Redefining \dots on input line 382.
LaTeX Info: Redefining \cdots on input line 467.
\Mathstrutbox@=\box29
\strutbox@=\box30
\big@size=\dimen115
LaTeX Font Info:    Redeclaring font encoding OML on input line 567.
LaTeX Font Info:    Redeclaring font encoding OMS on input line 568.
\macc@depth=\count97
\c@MaxMatrixCols=\count98
\dotsspace@=\muskip10
\c@parentequation=\count99
\dspbrk@lvl=\count100
\tag@help=\toks22
\row@=\count101
\column@=\count102
\maxfields@=\count103
\andhelp@=\toks23
\eqnshift@=\dimen116
\alignsep@=\dimen117
\tagshift@=\dimen118
\tagwidth@=\dimen119
\totwidth@=\dimen120
\lineht@=\dimen121
\@envbody=\toks24
\multlinegap=\skip50
\multlinetaggap=\skip51
\mathdisplay@stack=\toks25
LaTeX Info: Redefining \[ on input line 2666.
LaTeX Info: Redefining \] on input line 2667.
)
("d:\xp\MiKTeX 2.8\tex\latex\amsfonts\amsfonts.sty"
Package: amsfonts 2009/06/22 v3.00 Basic AMSFonts support
\symAMSa=\mathgroup4
\symAMSb=\mathgroup5
LaTeX Font Info:    Overwriting math alphabet `\mathfrak' in version `bold'
(Font)                  U/euf/m/n --> U/euf/b/n on input line 96.
)
("d:\xp\MiKTeX 2.8\tex\latex\dstroke\dsfont.sty"
Package: dsfont 1995/08/01 v0.1 Double stroke roman fonts
)
("d:\xp\MiKTeX 2.8\tex\latex\koma-script\scrhack.sty"
Package: scrhack 2010/06/17 v3.06 KOMA-Script package (hacking other packages)
Package scrhack Info: loading float hack on input line 135.

("d:\xp\MiKTeX 2.8\tex\latex\koma-script\float.hak"
File: float.hak 2010/06/17 v3.06 KOMA-Script hacking package float
Package scrhack Info: redefining \newfloat on input line 135.
Package scrhack Info: redefining \listof on input line 135.
Package scrhack Info: undefining \float@addtolists on input line 135.
))
("d:\xp\MiKTeX 2.8\tex\latex\wrapfig\wrapfig.sty"
\wrapoverhang=\dimen122
\WF@size=\dimen123
\c@WF@wrappedlines=\count104
\WF@box=\box31
\WF@everypar=\toks26
Package: wrapfig 2003/01/31  v 3.6
)
("d:\xp\MiKTeX 2.8\tex\latex\tools\longtable.sty"
Package: longtable 2004/02/01 v4.11 Multi-page Table package (DPC)
\LTleft=\skip52
\LTright=\skip53
\LTpre=\skip54
\LTpost=\skip55
\LTchunksize=\count105
\LTcapwidth=\dimen124
\LT@head=\box32
\LT@firsthead=\box33
\LT@foot=\box34
\LT@lastfoot=\box35
\LT@cols=\count106
\LT@rows=\count107
\c@LT@tables=\count108
\c@LT@chunks=\count109
\LT@p@ftn=\toks27
)
Class scrbook Info: longtable captions redefined on input line 63.

("d:\xp\MiKTeX 2.8\tex\latex\subfigure\subfigure.sty"
Package: subfigure 2002/07/30 v2.1.4 subfigure package
\subfigtopskip=\skip56
\subfigcapskip=\skip57
\subfigcaptopadj=\dimen125
\subfigbottomskip=\skip58
\subfigcapmargin=\dimen126
\subfiglabelskip=\skip59
\c@subfigure=\count110
\c@lofdepth=\count111
\c@subtable=\count112
\c@lotdepth=\count113

****************************************
* Local config file subfigure.cfg used *
****************************************
("d:\xp\MiKTeX 2.8\tex\latex\subfigure\subfigure.cfg")
\subfig@top=\skip60
\subfig@bottom=\skip61
)
("d:\xp\MiKTeX 2.8\tex\latex\pstricks\pstricks.sty"
Package: pstricks 2008/11/26 v0.40 LaTeX wrapper for `PSTricks' (RN,HV)

("d:\xp\MiKTeX 2.8\tex\generic\pstricks\pstricks.tex"
`PSTricks' v1.29  <2009/05/19> (tvz)
\pst@dima=\dimen127
\pst@dimb=\dimen128
\pst@dimc=\dimen129
\pst@dimd=\dimen130
\pst@dimg=\dimen131
\pst@dimh=\dimen132
\pst@hbox=\box36
\pst@boxg=\box37
\pst@cnta=\count114
\pst@cntb=\count115
\pst@cntc=\count116
\pst@cntd=\count117
\pst@cntg=\count118
\pst@cnth=\count119
\pst@toks=\toks28
("d:\xp\MiKTeX 2.8\tex\generic\pstricks\pstricks.con")
\psunit=\dimen133
\psxunit=\dimen134
\psyunit=\dimen135
\pslinewidth=\dimen136
\pst@customdefs=\toks29
\pslinearc=\dimen137
\everypsbox=\toks30
\psframesep=\dimen138
\pslabelsep=\dimen139
\pst@shift=\dimen140
\theoverlaybox=\box38
)
File: pstricks.tex 2009/05/19 v1.29 `PSTricks' (tvz,hv)

("d:\xp\MiKTeX 2.8\tex\latex\xcolor\xcolor.sty"
Package: xcolor 2007/01/21 v2.11 LaTeX color extensions (UK)

("d:\xp\MiKTeX 2.8\tex\latex\00miktex\color.cfg"
File: color.cfg 2007/01/18 v1.5 color configuration of teTeX/TeXLive
)
Package xcolor Info: Driver file: pdftex.def on input line 225.
Package xcolor Info: Model `cmy' substituted by `cmy0' on input line 1337.
Package xcolor Info: Model `hsb' substituted by `rgb' on input line 1341.
Package xcolor Info: Model `RGB' extended on input line 1353.
Package xcolor Info: Model `HTML' substituted by `rgb' on input line 1355.
Package xcolor Info: Model `Hsb' substituted by `hsb' on input line 1356.
Package xcolor Info: Model `tHsb' substituted by `hsb' on input line 1357.
Package xcolor Info: Model `HSB' substituted by `hsb' on input line 1358.
Package xcolor Info: Model `Gray' substituted by `gray' on input line 1359.
Package xcolor Info: Model `wave' substituted by `hsb' on input line 1360.
))
("d:\xp\MiKTeX 2.8\tex\latex\psfrag\psfrag.sty"
Package: psfrag 1998/04/11 v3.04 PSfrag (MCG)
\pfg@pcount=\count120
\pfg@scount=\count121
\pfg@temp=\write3
)
("d:\xp\MiKTeX 2.8\tex\latex\pstricks\pst-node.sty"
Package: pst-node 2006/01/01 package wrapper for pst-node.tex

("d:\xp\MiKTeX 2.8\tex\generic\pstricks\pst-node.tex"  v1.01, 2008/11/26
\psrow=\count122
\pscol=\count123
\psmatrixcnt=\count124
\psrowsep=\skip62
\pscolsep=\skip63
)
File: pst-node.tex 2008/11/26 1.01 `pst-node' (tvz)
)
(F:\Data\leher\SVN\Master_arbeit\Latex\Template\definitions.tex
\lwFine=\skip64
\lwfine=\skip65
\lwnormal=\skip66
\lwthick=\skip67
\lwThick=\skip68
)
("d:\xp\MiKTeX 2.8\tex\latex\colortbl\colortbl.sty"
Package: colortbl 2001/02/13 v0.1j Color table columns (DPC)
\everycr=\toks31
\minrowclearance=\skip69
)
("d:\xp\MiKTeX 2.8\tex\latex\setspace\setspace.sty"
Package: setspace 2000/12/01 6.7 Contributed and Supported LaTeX2e package

Package: `setspace' 6.7 <2000/12/01>
) ("d:\xp\MiKTeX 2.8\tex\latex\koma-script\scrpage2.sty"
Package: scrpage2 2010/04/22 v2.5 LaTeX2e KOMA-Script package
LaTeX Info: Redefining \pagemark on input line 176.
)
("d:\xp\MiKTeX 2.8\tex\latex\cite\cite.sty"
LaTeX Info: Redefining \cite on input line 302.
LaTeX Info: Redefining \nocite on input line 373.
Package: cite 2010/09/10  v 5.3
)
("d:\xp\MiKTeX 2.8\tex\latex\oberdiek\bookmark.sty"
Package: bookmark 2009/08/13 v1.5 PDF bookmarks (HO)

("d:\xp\MiKTeX 2.8\tex\generic\oberdiek\pdfescape.sty"
Package: pdfescape 2007/11/11 v1.8 Provides hex, PDF name and string conversion
s (HO)

("d:\xp\MiKTeX 2.8\tex\generic\oberdiek\pdftexcmds.sty"
Package: pdftexcmds 2009/09/23 v0.6 LuaTeX support for pdfTeX utility functions
 (HO)

("d:\xp\MiKTeX 2.8\tex\generic\oberdiek\infwarerr.sty"
Package: infwarerr 2007/09/09 v1.2 Providing info/warning/message (HO)
)
("d:\xp\MiKTeX 2.8\tex\generic\oberdiek\ifluatex.sty"
Package: ifluatex 2009/04/17 v1.2 Provides the ifluatex switch (HO)
Package ifluatex Info: LuaTeX not detected.
)
("d:\xp\MiKTeX 2.8\tex\generic\oberdiek\ltxcmds.sty"
Package: ltxcmds 2009/08/05 v1.0 Some LaTeX kernel commands for general use (HO
)
)
Package pdftexcmds Info: LuaTeX not detected.
Package pdftexcmds Info: \pdf@primitive is available.
Package pdftexcmds Info: \pdf@ifprimitive is available.
))
("d:\xp\MiKTeX 2.8\tex\generic\oberdiek\ifpdf.sty"
Package: ifpdf 2009/04/10 v2.0 Provides the ifpdf switch (HO)
Package ifpdf Info: pdfTeX in pdf mode detected.
)
("d:\xp\MiKTeX 2.8\tex\latex\ifxetex\ifxetex.sty"
Package: ifxetex 2009/01/23 v0.5 Provides ifxetex conditional
)
("d:\xp\MiKTeX 2.8\tex\generic\oberdiek\ifvtex.sty"
Package: ifvtex 2008/11/04 v1.4 Switches for detecting VTeX and its modes (HO)
Package ifvtex Info: VTeX not detected.
)
("d:\xp\MiKTeX 2.8\tex\latex\hyperref\hyperref.sty"
Package: hyperref 2009/10/19 v6.79b Hypertext links for LaTeX

("d:\xp\MiKTeX 2.8\tex\latex\oberdiek\hycolor.sty"
Package: hycolor 2009/10/02 v1.5 Code for color options of hyperref/bookmark (H
O)

("d:\xp\MiKTeX 2.8\tex\latex\oberdiek\xcolor-patch.sty"
Package: xcolor-patch 2009/10/02 xcolor patch
))
\@linkdim=\dimen141
\Hy@linkcounter=\count125
\Hy@pagecounter=\count126

("d:\xp\MiKTeX 2.8\tex\latex\hyperref\pd1enc.def"
File: pd1enc.def 2009/10/19 v6.79b Hyperref: PDFDocEncoding definition (HO)
)
("d:\xp\MiKTeX 2.8\tex\generic\oberdiek\etexcmds.sty"
Package: etexcmds 2007/12/12 v1.2 Prefix for e-TeX command names (HO)
Package etexcmds Info: Could not find \expanded.
(etexcmds)             That can mean that you are not using pdfTeX 1.50 or
(etexcmds)             that some package has redefined \expanded.
(etexcmds)             In the latter case, load this package earlier.
)
("d:\xp\MiKTeX 2.8\tex\latex\00miktex\hyperref.cfg"
File: hyperref.cfg 2002/06/06 v1.2 hyperref configuration of TeXLive
)
("d:\xp\MiKTeX 2.8\tex\latex\oberdiek\kvoptions.sty"
Package: kvoptions 2009/08/13 v3.4 Keyval support for LaTeX options (HO)

("d:\xp\MiKTeX 2.8\tex\generic\oberdiek\kvsetkeys.sty"
Package: kvsetkeys 2009/07/30 v1.5 Key value parser with default handler suppor
t (HO)
))
Package hyperref Info: Hyper figures OFF on input line 2975.
Package hyperref Info: Link nesting OFF on input line 2980.
Package hyperref Info: Hyper index ON on input line 2983.
Package hyperref Info: Plain pages OFF on input line 2990.
Package hyperref Info: Backreferencing OFF on input line 2995.

Implicit mode ON; LaTeX internals redefined
Package hyperref Info: Bookmarks ON on input line 3191.
("d:\xp\MiKTeX 2.8\tex\latex\ltxmisc\url.sty"
\Urlmuskip=\muskip11
Package: url 2006/04/12  ver 3.3  Verb mode for urls, etc.
)
LaTeX Info: Redefining \url on input line 3428.

("d:\xp\MiKTeX 2.8\tex\generic\oberdiek\bitset.sty"
Package: bitset 2007/09/28 v1.0 Data type bit set (HO)

("d:\xp\MiKTeX 2.8\tex\generic\oberdiek\intcalc.sty"
Package: intcalc 2007/09/27 v1.1 Expandable integer calculations (HO)
)
("d:\xp\MiKTeX 2.8\tex\generic\oberdiek\bigintcalc.sty"
Package: bigintcalc 2007/11/11 v1.1 Expandable big integer calculations (HO)
))
\Fld@menulength=\count127
\Field@Width=\dimen142
\Fld@charsize=\dimen143
\Field@toks=\toks32
Package hyperref Info: Hyper figures OFF on input line 4377.
Package hyperref Info: Link nesting OFF on input line 4382.
Package hyperref Info: Hyper index ON on input line 4385.
Package hyperref Info: backreferencing OFF on input line 4392.
Package hyperref Info: Link coloring OFF on input line 4397.
Package hyperref Info: Link coloring with OCG OFF on input line 4402.
Package hyperref Info: PDF/A mode OFF on input line 4407.

("d:\xp\MiKTeX 2.8\tex\generic\oberdiek\atbegshi.sty"
Package: atbegshi 2008/07/31 v1.9 At begin shipout hook (HO)
)
\Hy@abspage=\count128
\c@Item=\count129
)
*hyperref using default driver hpdftex*
("d:\xp\MiKTeX 2.8\tex\latex\hyperref\hpdftex.def"
File: hpdftex.def 2009/10/19 v6.79b Hyperref driver for pdfTeX
\Fld@listcount=\count130
)
Package scrhack Info: loading hyperref hack on input line 79.

("d:\xp\MiKTeX 2.8\tex\latex\koma-script\hyperref.hak"
File: hyperref.hak 2010/06/17 v3.06 KOMA-Script hacking package hyperref
Package scrhack Info: redefining \@schapter on input line 92.
Package scrhack Info: redefining \@spart on input line 128.
Package scrhack Info: redefining \@ssect on input line 150.
)
("d:\xp\MiKTeX 2.8\tex\latex\oberdiek\auxhook.sty"
Package: auxhook 2007/04/06 v1.1 Hooks for auxiliary files (HO)
)
("d:\xp\MiKTeX 2.8\tex\latex\oberdiek\bkm-pdftex.def"
File: bkm-pdftex.def 2009/08/13 v1.5 bookmark driver for pdfTeX (HO)
\BKM@id=\count131
))
("d:\xp\MiKTeX 2.8\tex\latex\tools\varioref.sty"
Package: varioref 2009/09/13 v1.4w package for extended references (FMi)
\c@vrcnt=\count132
)
Package typearea Info: These are the values describing the layout:
(typearea)             DIV  = 14
(typearea)             BCOR = 51.21495pt
(typearea)             \paperwidth      = 597.50793pt
(typearea)              \textwidth      = 429.23022pt
(typearea)              DIV departure   = -1%
(typearea)              \evensidemargin = 5.77185pt
(typearea)              \oddsidemargin  = 17.96588pt
(typearea)             \paperheight     = 845.04694pt
(typearea)              \textheight     = 623.81168pt
(typearea)              \topmargin      = -11.9095pt
(typearea)              \headheight     = 22.49307pt
(typearea)              \headsep        = 26.99168pt
(typearea)              \topskip        = 12.0pt
(typearea)              \footskip       = 62.9806pt
(typearea)              \baselineskip   = 17.99446pt
(typearea)              on input line 165.

("d:\xp\MiKTeX 2.8\tex\latex\blindtext\blindtext.sty"
Package: blindtext 2009/12/29 V1.9c blindtext-Package

("d:\xp\MiKTeX 2.8\tex\latex\tools\xspace.sty"
Package: xspace 2006/05/08 v1.12 Space after command names (DPC,MH)
)
\c@blindtext=\count133
\c@Blindtext=\count134
\blind@countxx=\count135
\blindtext@numBlindtext=\count136
\blind@countyy=\count137
\c@blindlist=\count138
\c@blindlistlevel=\count139
\c@blindlist@level=\count140
\blind@listitem=\count141
\c@blind@listcount=\count142
\c@blind@levelcount=\count143
\blind@mathformula=\count144
\blind@Mathformula=\count145
)
(F:\Data\leher\SVN\Master_arbeit\Latex\Template\Diplomarbeit.aux
(F:\Data\leher\SVN\Master_arbeit\Latex\Template\frontmatter/titelblatt.aux)
(F:\Data\leher\SVN\Master_arbeit\Latex\Template\frontmatter/kurzfassung.aux)
(F:\Data\leher\SVN\Master_arbeit\Latex\Template\mainmatter/Einleitung_1.aux)
(F:\Data\leher\SVN\Master_arbeit\Latex\Template\mainmatter/mainmatter.aux)
(F:\Data\leher\SVN\Master_arbeit\Latex\Template\backmatter/anhang.aux)
(F:\Data\leher\SVN\Master_arbeit\Latex\Template\backmatter/Symbole.aux)
(F:\Data\leher\SVN\Master_arbeit\Latex\Template\backmatter/abkuerzung.aux)
(F:\Data\leher\SVN\Master_arbeit\Latex\Template\backmatter/literatur.aux)
(F:\Data\leher\SVN\Master_arbeit\Latex\Template\backmatter/eid.aux))
LaTeX Font Info:    Checking defaults for OML/cmm/m/it on input line 203.
LaTeX Font Info:    ... okay on input line 203.
LaTeX Font Info:    Checking defaults for T1/cmr/m/n on input line 203.
LaTeX Font Info:    ... okay on input line 203.
LaTeX Font Info:    Checking defaults for OT1/cmr/m/n on input line 203.
LaTeX Font Info:    ... okay on input line 203.
LaTeX Font Info:    Checking defaults for OMS/cmsy/m/n on input line 203.
LaTeX Font Info:    ... okay on input line 203.
LaTeX Font Info:    Checking defaults for OMX/cmex/m/n on input line 203.
LaTeX Font Info:    ... okay on input line 203.
LaTeX Font Info:    Checking defaults for U/cmr/m/n on input line 203.
LaTeX Font Info:    ... okay on input line 203.
LaTeX Font Info:    Checking defaults for PD1/pdf/m/n on input line 203.
LaTeX Font Info:    ... okay on input line 203.


bibgerm.sty: (n)german.sty 2.5b detected

("d:\xp\MiKTeX 2.8\tex\context\base\supp-pdf.tex"
[Loading MPS to PDF converter (version 2006.09.02).]
\scratchcounter=\count146
\scratchdimen=\dimen144
\scratchbox=\box39
\nofMPsegments=\count147
\nofMParguments=\count148
\everyMPshowfont=\toks33
\MPscratchCnt=\count149
\MPscratchDim=\dimen145
\MPnumerator=\count150
\everyMPtoPDFconversion=\toks34
)
Package hyperref Info: Link coloring OFF on input line 203.
 ("d:\xp\MiKTeX 2.8\tex\latex\hyperref\nameref.sty"
Package: nameref 2007/05/29 v2.31 Cross-referencing by name of section

("d:\xp\MiKTeX 2.8\tex\latex\oberdiek\refcount.sty"
Package: refcount 2008/08/11 v3.1 Data extraction from references (HO)
)
\c@section@level=\count151
LaTeX Info: Redefining \Ref on input line 396.
)
LaTeX Info: Redefining \ref on input line 203.
LaTeX Info: Redefining \pageref on input line 203.
\AtBeginShipoutBox=\box40
LaTeX Info: Redefining \Ref on input line 203.

(F:\Data\leher\SVN\Master_arbeit\Latex\Template\frontmatter/titelblatt.tex
LaTeX Font Info:    Try loading font information for T1+phv on input line 5.

("d:\xp\MiKTeX 2.8\tex\latex\psnfss\t1phv.fd"
File: t1phv.fd 2001/06/04 scalable font definitions for T1/phv.
)
<bilder/uni-logo.pdf, id=3, 554.60104pt x 145.7435pt>
File: bilder/uni-logo.pdf Graphic file (type pdf)

<use bilder/uni-logo.pdf>
LaTeX Font Info:    Font shape `T1/phv/bx/n' in size <12> not available
(Font)              Font shape `T1/phv/b/n' tried instead on input line 17.
 <Bilder/logo-tet.png, id=4, 48.18pt x 25.17406pt>
File: Bilder/logo-tet.png Graphic file (type png)

<use Bilder/logo-tet.png>
LaTeX Font Info:    Font shape `T1/phv/bx/n' in size <20.74> not available
(Font)              Font shape `T1/phv/b/n' tried instead on input line 27.
LaTeX Font Info:    Try loading font information for U+msa on input line 27.
 ("d:\xp\MiKTeX 2.8\tex\latex\amsfonts\umsa.fd"
File: umsa.fd 2009/06/22 v3.00 AMS symbols A
)
LaTeX Font Info:    Try loading font information for U+msb on input line 27.

("d:\xp\MiKTeX 2.8\tex\latex\amsfonts\umsb.fd"
File: umsb.fd 2009/06/22 v3.00 AMS symbols B
)
LaTeX Font Info:    Font shape `T1/phv/bx/n' in size <14.4> not available
(Font)              Font shape `T1/phv/b/n' tried instead on input line 31.
LaTeX Font Info:    Font shape `T1/phv/bx/n' in size <17.28> not available
(Font)              Font shape `T1/phv/b/n' tried instead on input line 33.
 [1
Non-PDF special ignored!
Non-PDF special ignored!
Non-PDF special ignored!
Non-PDF special ignored!
Non-PDF special ignored!





{C:/Dokumente und Einstellungen/All Users/Anwendungsdaten/MiKTeX/2.8/pdftex/con
fig/pdftex.map} <F:/Data/leher/SVN/Master_arbeit/Latex/Template/bilder/uni-logo
.pdf> <F:/Data/leher/SVN/Master_arbeit/Latex/Template/Bilder/logo-tet.png (PNG 
copy)>])
(F:\Data\leher\SVN\Master_arbeit\Latex\Template\frontmatter/kurzfassung.tex
[2




]
LaTeX Font Info:    Try loading font information for T1+aess on input line 2.
 ("d:\xp\MiKTeX 2.8\tex\latex\ae\t1aess.fd"
File: t1aess.fd 1997/11/16 Font definitions for T1/aess.
)) [3] [4



]
(F:\Data\leher\SVN\Master_arbeit\Latex\Template\Diplomarbeit.toc)
\tf@toc=\write4
 [5


] [6


]
(F:\Data\leher\SVN\Master_arbeit\Latex\Template\mainmatter/Einleitung_1.tex
Kapitel 1.
) [1






] (F:\Data\leher\SVN\Master_arbeit\Latex\Template\mainmatter/mainmatter.tex [2




]
Kapitel 2.

(F:\Data\leher\SVN\Master_arbeit\Latex\Template\mainmatter/theory/main_theory.t
ex) (F:\Data\leher\SVN\Master_arbeit\Latex\Template\mainmatter/test.tex
[3]) [4]
Kapitel 3.
) [5


] (F:\Data\leher\SVN\Master_arbeit\Latex\Template\backmatter/anhang.tex
[6




]) [7] (F:\Data\leher\SVN\Master_arbeit\Latex\Template\backmatter/Symbole.tex [
8




]) [9]
(F:\Data\leher\SVN\Master_arbeit\Latex\Template\backmatter/abkuerzung.tex
[10




]) [11]
(F:\Data\leher\SVN\Master_arbeit\Latex\Template\backmatter/literatur.tex
(F:\Data\leher\SVN\Master_arbeit\Latex\Template\Diplomarbeit.bbl [12




]

LaTeX Warning: Empty `thebibliography' environment or \BreakBibliography
               before end of `thebibliography' environment on input line 10.

)) [13] [14



] (F:\Data\leher\SVN\Master_arbeit\Latex\Template\Diplomarbeit.lof)
\tf@lof=\write5

[15] (F:\Data\leher\SVN\Master_arbeit\Latex\Template\backmatter/eid.tex
[16



]) [17] (F:\Data\leher\SVN\Master_arbeit\Latex\Template\Diplomarbeit.aux
(F:\Data\leher\SVN\Master_arbeit\Latex\Template\frontmatter/titelblatt.aux)
(F:\Data\leher\SVN\Master_arbeit\Latex\Template\frontmatter/kurzfassung.aux)
(F:\Data\leher\SVN\Master_arbeit\Latex\Template\mainmatter/Einleitung_1.aux)
(F:\Data\leher\SVN\Master_arbeit\Latex\Template\mainmatter/mainmatter.aux)
(F:\Data\leher\SVN\Master_arbeit\Latex\Template\backmatter/anhang.aux)
(F:\Data\leher\SVN\Master_arbeit\Latex\Template\backmatter/Symbole.aux)
(F:\Data\leher\SVN\Master_arbeit\Latex\Template\backmatter/abkuerzung.aux)
(F:\Data\leher\SVN\Master_arbeit\Latex\Template\backmatter/literatur.aux)
(F:\Data\leher\SVN\Master_arbeit\Latex\Template\backmatter/eid.aux)) ) 
Here is how much of TeX's memory you used:
 10135 strings out of 495285
 143536 string characters out of 3181280
 275107 words of memory out of 3000000
 12979 multiletter control sequences out of 15000+200000
 40347 words of font info for 66 fonts, out of 3000000 for 9000
 14 hyphenation exceptions out of 8191
 41i,10n,44p,356b,359s stack positions out of 5000i,500n,10000p,200000b,50000s
{d:/xp/Mi
KTeX 2.8/fonts/enc/dvips/fontname/8r.enc}<d:/xp/MiKTeX 2.8/fonts/type1/public/a
msfonts/cm/cmr12.pfb><d:/xp/MiKTeX 2.8/fonts/type1/public/amsfonts/cm/cmss12.pf
b><d:/xp/MiKTeX 2.8/fonts/type1/public/amsfonts/cm/cmssbx10.pfb><d:/xp/MiKTeX 2
.8/fonts/type1/urw/helvetic/uhvb8a.pfb>
Output written on Diplomarbeit.pdf (23 pages, 162649 bytes).
PDF statistics:
 190 PDF objects out of 1000 (max. 8388607)
 33 named destinations out of 1000 (max. 500000)
 115 words of extra memory for PDF output out of 10000 (max. 10000000)

